<?xml version="1.0" encoding="UTF-8"?>
<testsuite name="com.hermes.movehubremote.DriveStreamFlowTest" tests="3" skipped="0" failures="0" errors="0" timestamp="2026-09-16T20:47:04" hostname="dell" time="0.001">
  <properties/>
  <testcase name="queueHandsOutDriveFrameOnceWhenIdle" classname="com.hermes.movehubremote.DriveStreamFlowTest" time="0.0"/>
  <testcase name="upArrowProducesNonzeroSpeedFrame" classname="com.hermes.movehubremote.DriveStreamFlowTest" time="0.0"/>
  <testcase name="stateDriveKeepsHeldValue" classname="com.hermes.movehubremote.DriveStreamFlowTest" time="0.0"/>
  <system-out><![CDATA[]]></system-out>
  <system-err><![CDATA[]]></system-err>
</testsuite>
